# JRE version: Java(TM) SE Runtime Environment (8.0-b132) (build 1.8.0-b132)
# Java VM: Java HotSpot(TM) 64-Bit Server VM (25.0-b70 mixed mode windows-amd64 compressed oops)
Heap:
 PSYoungGen      total 248320K, used 72835K [0x00000000f0000000, 0x0000000100000000, 0x0000000100000000)
  eden space 234496K, 30% used [0x00000000f0000000,0x00000000f4627ef8,0x00000000fe500000)
  from space 13824K, 7% used [0x00000000fe500000,0x00000000fe5f8e18,0x00000000ff280000)
  to   space 13824K, 0% used [0x00000000ff280000,0x00000000ff280000,0x0000000100000000)
 ParOldGen       total 131072K, used 107718K [0x00000000d0000000, 0x00000000d8000000, 0x00000000f0000000)
  object space 131072K, 82% used [0x00000000d0000000,0x00000000d6931a98,0x00000000d8000000)
 Metaspace       used 56324K, capacity 58040K, committed 58240K, reserved 1099776K
  class space    used 6484K, capacity 7024K, committed 7040K, reserved 1048576K
GC Heap History (10 events):
Event: 14.691 GC heap before
{Heap before GC invocations=56 (full 5):
 PSYoungGen      total 245248K, used 238847K [0x00000000f0000000, 0x00000000ff800000, 0x0000000100000000)
  eden space 237568K, 98% used [0x00000000f0000000,0x00000000fe3ad380,0x00000000fe800000)
  from space 7680K, 74% used [0x00000000ff000000,0x00000000ff592a18,0x00000000ff780000)
  to   space 8192K, 0% used [0x00000000fe800000,0x00000000fe800000,0x00000000ff000000)
 ParOldGen       total 74752K, used 61637K [0x00000000d0000000, 0x00000000d4900000, 0x00000000f0000000)
  object space 74752K, 82% used [0x00000000d0000000,0x00000000d3c31440,0x00000000d4900000)
 Metaspace       used 52292K, capacity 53856K, committed 54144K, reserved 1097728K
  class space    used 5960K, capacity 6453K, committed 6528K, reserved 1048576K
Event: 14.711 GC heap after
Heap after GC invocations=56 (full 5):
 PSYoungGen      total 245760K, used 8160K [0x00000000f0000000, 0x0000000100000000, 0x0000000100000000)
  eden space 237568K, 0% used [0x00000000f0000000,0x00000000f0000000,0x00000000fe800000)
  from space 8192K, 99% used [0x00000000fe800000,0x00000000feff8020,0x00000000ff000000)
  to   space 9728K, 0% used [0x00000000ff680000,0x00000000ff680000,0x0000000100000000)
 ParOldGen       total 74752K, used 63578K [0x00000000d0000000, 0x00000000d4900000, 0x00000000f0000000)
  object space 74752K, 85% used [0x00000000d0000000,0x00000000d3e168d8,0x00000000d4900000)
 Metaspace       used 52292K, capacity 53856K, committed 54144K, reserved 1097728K
  class space    used 5960K, capacity 6453K, committed 6528K, reserved 1048576K
}
Event: 15.760 GC heap before
{Heap before GC invocations=57 (full 5):
 PSYoungGen      total 245760K, used 245728K [0x00000000f0000000, 0x0000000100000000, 0x0000000100000000)
  eden space 237568K, 100% used [0x00000000f0000000,0x00000000fe800000,0x00000000fe800000)
  from space 8192K, 99% used [0x00000000fe800000,0x00000000feff8020,0x00000000ff000000)
  to   space 9728K, 0% used [0x00000000ff680000,0x00000000ff680000,0x0000000100000000)
 ParOldGen       total 74752K, used 63578K [0x00000000d0000000, 0x00000000d4900000, 0x00000000f0000000)
  object space 74752K, 85% used [0x00000000d0000000,0x00000000d3e168d8,0x00000000d4900000)
 Metaspace       used 53428K, capacity 54982K, committed 55296K, reserved 1097728K
  class space    used 6107K, capacity 6601K, committed 6656K, reserved 1048576K
Event: 15.798 GC heap after
Heap after GC invocations=57 (full 5):
 PSYoungGen      total 244224K, used 9712K [0x00000000f0000000, 0x0000000100000000, 0x0000000100000000)
  eden space 234496K, 0% used [0x00000000f0000000,0x00000000f0000000,0x00000000fe500000)
  from space 9728K, 99% used [0x00000000ff680000,0x00000000ffffc020,0x0000000100000000)
  to   space 13824K, 0% used [0x00000000fe500000,0x00000000fe500000,0x00000000ff280000)
 ParOldGen       total 74752K, used 70945K [0x00000000d0000000, 0x00000000d4900000, 0x00000000f0000000)
  object space 74752K, 94% used [0x00000000d0000000,0x00000000d45487c8,0x00000000d4900000)
 Metaspace       used 53428K, capacity 54982K, committed 55296K, reserved 1097728K
  class space    used 6107K, capacity 6601K, committed 6656K, reserved 1048576K
}
Event: 15.798 GC heap before
{Heap before GC invocations=58 (full 6):
 PSYoungGen      total 244224K, used 9712K [0x00000000f0000000, 0x0000000100000000, 0x0000000100000000)
  eden space 234496K, 0% used [0x00000000f0000000,0x00000000f0000000,0x00000000fe500000)
  from space 9728K, 99% used [0x00000000ff680000,0x00000000ffffc020,0x0000000100000000)
  to   space 13824K, 0% used [0x00000000fe500000,0x00000000fe500000,0x00000000ff280000)
 ParOldGen       total 74752K, used 70945K [0x00000000d0000000, 0x00000000d4900000, 0x00000000f0000000)
  object space 74752K, 94% used [0x00000000d0000000,0x00000000d45487c8,0x00000000d4900000)
 Metaspace       used 53428K, capacity 54982K, committed 55296K, reserved 1097728K
  class space    used 6107K, capacity 6601K, committed 6656K, reserved 1048576K
Event: 16.780 GC heap after
Heap after GC invocations=58 (full 6):
 PSYoungGen      total 244224K, used 3558K [0x00000000f0000000, 0x0000000100000000, 0x0000000100000000)
  eden space 234496K, 0% used [0x00000000f0000000,0x00000000f0000000,0x00000000fe500000)
  from space 9728K, 36% used [0x00000000ff680000,0x00000000ff9f9938,0x0000000100000000)
  to   space 13824K, 0% used [0x00000000fe500000,0x00000000fe500000,0x00000000ff280000)
 ParOldGen       total 89600K, used 74648K [0x00000000d0000000, 0x00000000d5780000, 0x00000000f0000000)
  object space 89600K, 83% used [0x00000000d0000000,0x00000000d48e6110,0x00000000d5780000)
 Metaspace       used 53428K, capacity 54982K, committed 55296K, reserved 1097728K
  class space    used 6107K, capacity 6601K, committed 6656K, reserved 1048576K
}
Event: 17.991 GC heap before
{Heap before GC invocations=59 (full 6):
 PSYoungGen      total 244224K, used 231832K [0x00000000f0000000, 0x0000000100000000, 0x0000000100000000)
  eden space 234496K, 97% used [0x00000000f0000000,0x00000000fdeec8e0,0x00000000fe500000)
  from space 9728K, 36% used [0x00000000ff680000,0x00000000ff9f9938,0x0000000100000000)
  to   space 13824K, 0% used [0x00000000fe500000,0x00000000fe500000,0x00000000ff280000)
 ParOldGen       total 89600K, used 74648K [0x00000000d0000000, 0x00000000d5780000, 0x00000000f0000000)
  object space 89600K, 83% used [0x00000000d0000000,0x00000000d48e6110,0x00000000d5780000)
 Metaspace       used 55897K, capacity 57588K, committed 57984K, reserved 1099776K
  class space    used 6415K, capacity 6937K, committed 7040K, reserved 1048576K
Event: 18.027 GC heap after
Heap after GC invocations=59 (full 6):
 PSYoungGen      total 248320K, used 13797K [0x00000000f0000000, 0x0000000100000000, 0x0000000100000000)
  eden space 234496K, 0% used [0x00000000f0000000,0x00000000f0000000,0x00000000fe500000)
  from space 13824K, 99% used [0x00000000fe500000,0x00000000ff279560,0x00000000ff280000)
  to   space 13824K, 0% used [0x00000000ff280000,0x00000000ff280000,0x0000000100000000)
 ParOldGen       total 108032K, used 96080K [0x00000000d0000000, 0x00000000d6980000, 0x00000000f0000000)
  object space 108032K, 88% used [0x00000000d0000000,0x00000000d5dd41c8,0x00000000d6980000)
 Metaspace       used 55897K, capacity 57588K, committed 57984K, reserved 1099776K
  class space    used 6415K, capacity 6937K, committed 7040K, reserved 1048576K
}
Event: 18.027 GC heap before
{Heap before GC invocations=60 (full 7):
 PSYoungGen      total 248320K, used 13797K [0x00000000f0000000, 0x0000000100000000, 0x0000000100000000)
  eden space 234496K, 0% used [0x00000000f0000000,0x00000000f0000000,0x00000000fe500000)
  from space 13824K, 99% used [0x00000000fe500000,0x00000000ff279560,0x00000000ff280000)
  to   space 13824K, 0% used [0x00000000ff280000,0x00000000ff280000,0x0000000100000000)
 ParOldGen       total 108032K, used 96080K [0x00000000d0000000, 0x00000000d6980000, 0x00000000f0000000)
  object space 108032K, 88% used [0x00000000d0000000,0x00000000d5dd41c8,0x00000000d6980000)
 Metaspace       used 55897K, capacity 57588K, committed 57984K, reserved 1099776K
  class space    used 6415K, capacity 6937K, committed 7040K, reserved 1048576K
Event: 18.664 GC heap after
Heap after GC invocations=60 (full 7):
 PSYoungGen      total 248320K, used 995K [0x00000000f0000000, 0x0000000100000000, 0x0000000100000000)
  eden space 234496K, 0% used [0x00000000f0000000,0x00000000f0000000,0x00000000fe500000)
  from space 13824K, 7% used [0x00000000fe500000,0x00000000fe5f8e18,0x00000000ff280000)
  to   space 13824K, 0% used [0x00000000ff280000,0x00000000ff280000,0x0000000100000000)
 ParOldGen       total 131072K, used 107718K [0x00000000d0000000, 0x00000000d8000000, 0x00000000f0000000)
  object space 131072K, 82% used [0x00000000d0000000,0x00000000d6931a98,0x00000000d8000000)
 Metaspace       used 55897K, capacity 57588K, committed 57984K, reserved 1099776K
  class space    used 6415K, capacity 6937K, committed 7040K, reserved 1048576K
}

